[Mon Nov 11 13:07:02 2019] ' Server Open
[Mon Nov 11 14:03:37 2019] ' Server Open
[Mon Nov 11 17:34:19 2019] ' Server Open
[Fri Nov 15 15:34:34 2019] ' Server Open
[Fri Nov 15 15:48:04 2019] ' Server Open
[Mon Nov 18 17:12:31 2019] ' Server Open
[Tue Nov 19 17:30:56 2019] ' Server Open
[Tue Nov 19 17:36:52 2019] ' Server Open
[Tue Nov 19 17:40:31 2019] ' Server Open
[Tue Nov 19 17:43:01 2019] ' Server Open
[Tue Nov 19 18:00:41 2019] ' Server Open
[Tue Nov 19 20:22:02 2019] ' Server Open
[Tue Nov 19 20:26:49 2019] ' Server Open
[Tue Nov 19 20:30:45 2019] ' Server Open
[Tue Nov 19 20:46:51 2019] ' Server Open
[Tue Nov 19 21:56:14 2019] ' Server Open
[Tue Nov 19 22:41:28 2019] ' Server Open
[Thu Nov 21 19:04:45 2019] ' Server Open
[Fri Nov 22 19:17:14 2019] ' Server Open
[Sat Nov 23 21:24:00 2019] ' Server Open
[Sat Nov 23 22:04:45 2019] ' Server Open
[Mon Nov 25 21:09:58 2019] ' Server Open
[Sat Nov 30 14:23:56 2019] ' Server Open
[Sat Nov 30 20:21:52 2019] ' Server Open
[Sun Dec  1 17:57:34 2019] ' Server Open
[Sun Dec  1 18:17:43 2019] ' Server Open
[Wed Dec  4 15:12:02 2019] ' Server Open
[Sat Dec  7 18:27:30 2019] ' Server Open
[Sat Dec  7 18:30:14 2019] ' Server Open
[Sat Dec  7 18:32:56 2019] ' Server Open
[Sat Dec  7 19:23:29 2019] ' Server Open
[Sat Dec  7 19:36:16 2019] ' Server Open
[Sat Dec  7 19:40:37 2019] ' Server Open
[Sat Dec  7 20:01:26 2019] ' Server Open
[Sat Dec  7 20:23:14 2019] ' Server Open
[Sat Dec  7 21:16:06 2019] ' Server Open
[Sat Dec  7 21:25:55 2019] ' Server Open
[Sat Dec  7 21:28:15 2019] ' Server Open
[Sat Dec  7 21:32:12 2019] ' Server Open
[Sat Dec  7 21:33:02 2019] ' Server Open
[Sat Dec  7 21:35:42 2019] ' Server Open
[Sat Dec  7 21:37:58 2019] ' Server Open
[Sun Dec  8 02:28:32 2019] ' Server Open
[Sun Dec  8 02:29:40 2019] ' Server Open
[Sun Dec  8 02:32:03 2019] ' Server Open
[Sun Dec  8 19:44:44 2019] ' Server Open
[Sun Dec 15 19:23:37 2019] ' Server Open
[Sun Dec 15 19:25:21 2019] ' Server Open
[Sun Dec 15 19:30:25 2019] ' Server Open
[Sun Dec 15 19:32:25 2019] ' Server Open
[Sun Dec 15 19:36:25 2019] ' Server Open
[Sun Dec 15 11:04:08 2019] ' Server Open
[Sun Dec 15 11:07:52 2019] ' Server Open
[Sun Dec 15 11:24:49 2019] ' Server Open
[Sun Dec 15 11:39:11 2019] ' Server Open
[Sun Dec 15 11:55:22 2019] ' Server Open
[Sun Dec 15 12:04:29 2019] ' Server Open
[Sun Dec 15 12:05:39 2019] ' Server Open
[Sun Dec 15 12:19:27 2019] ' Server Open
[Sun Dec 15 12:39:33 2019] ' Server Open
[Sun Dec 15 13:01:55 2019] ' Server Open
[Sun Dec 15 13:06:55 2019] ' Server Open
[Sun Dec 15 13:33:20 2019] ' Server Open
[Sun Dec 15 13:36:00 2019] ' Server Open
[Sun Dec 15 13:38:59 2019] ' Server Open
[Sun Dec 15 14:12:00 2019] ' Server Open
[Sun Dec 15 14:15:54 2019] ' Server Open
[Mon Dec 16 05:41:11 2019] ' Server Open
[Mon Dec 16 05:46:57 2019] ' Server Open
[Mon Dec 16 06:07:58 2019] ' Server Open
[Mon Dec 16 06:29:35 2019] ' Server Open
[Mon Dec 16 06:42:20 2019] ' Server Open
[Mon Dec 16 06:51:16 2019] ' Server Open
[Mon Dec 16 07:09:45 2019] ' Server Open
[Mon Dec 16 07:15:27 2019] ' Server Open
[Mon Dec 16 07:40:00 2019] ' Server Open
[Mon Dec 16 08:24:41 2019] ' Server Open
[Mon Dec 16 08:36:13 2019] ' Server Open
[Mon Dec 16 08:45:14 2019] ' Server Open
[Mon Dec 16 08:47:24 2019] ' Server Open
[Mon Dec 16 08:49:57 2019] ' Server Open
[Mon Dec 16 08:53:25 2019] ' Server Open
[Mon Dec 16 08:56:24 2019] ' Server Open
[Mon Dec 16 09:00:01 2019] ' Server Open
[Mon Dec 16 11:45:56 2019] ' Server Open
[Mon Dec 16 14:52:02 2019] ' Server Open
[Tue Dec 17 11:26:39 2019] ' Server Open
[Tue Dec 17 11:30:23 2019] ' Server Open
[Wed Dec 18 11:58:22 2019] ' Server Open
[Thu Dec 19 07:18:17 2019] ' Server Open
[Thu Dec 19 07:22:48 2019] ' Server Open
[Sat Dec 21 11:17:10 2019] ' Server Open
[Wed Dec 25 19:30:23 2019] ' Server Open
[Wed Dec 25 19:44:04 2019] ' Server Open
[Wed Dec 25 19:49:12 2019] ' Server Open
[Wed Dec 25 19:55:18 2019] ' Server Open
[Wed Dec 25 19:56:58 2019] ' Server Open
[Wed Dec 25 20:25:54 2019] ' Server Open
[Wed Dec 25 20:26:20 2019] ' Server Open
[Wed Dec 25 20:29:21 2019] ' Server Open
[Wed Dec 25 20:52:35 2019] ' Server Open
[Wed Dec 25 21:06:48 2019] ' Server Open
[Wed Dec 25 21:10:22 2019] ' Server Open
[Wed Dec 25 21:11:45 2019] ' Server Open
[Wed Dec 25 23:16:59 2019] ' Server Open
[Wed Dec 25 23:43:33 2019] ' Server Open
[Wed Dec 25 23:47:22 2019] ' Server Open
[Wed Dec 25 23:50:14 2019] ' Server Open
[Thu Dec 26 00:06:20 2019] ' Server Open
[Thu Dec 26 00:10:12 2019] ' Server Open
[Thu Dec 26 00:34:42 2019] ' Server Open
[Thu Dec 26 00:36:53 2019] ' Server Open
[Thu Dec 26 00:56:28 2019] ' Server Open
[Thu Dec 26 01:21:25 2019] ' Server Open
[Thu Dec 26 01:36:42 2019] ' Server Open
[Thu Dec 26 01:38:24 2019] ' Server Open
[Thu Dec 26 01:41:21 2019] ' Server Open
[Thu Dec 26 01:43:26 2019] ' Server Open
[Thu Dec 26 01:59:51 2019] ' Server Open
[Thu Dec 26 02:07:42 2019] ' Server Open
[Thu Dec 26 02:24:55 2019] ' Server Open
[Thu Dec 26 02:31:21 2019] ' Server Open
[Thu Dec 26 02:32:18 2019] ' Server Open
[Thu Dec 26 02:57:44 2019] ' Server Open
[Thu Dec 26 12:08:43 2019] ' Server Open
[Thu Dec 26 15:41:50 2019] ' Server Open
[Thu Dec 26 16:05:36 2019] ' Server Open
[Thu Dec 26 16:31:38 2019] ' Server Open
[Thu Dec 26 17:01:50 2019] ' Server Open
[Thu Dec 26 17:29:42 2019] ' Server Open
[Thu Dec 26 17:31:11 2019] ' Server Open
[Thu Dec 26 17:32:44 2019] ' Server Open
[Thu Dec 26 17:33:17 2019] ' Server Open
[Thu Dec 26 18:20:47 2019] ' Server Open
[Thu Dec 26 18:26:06 2019] ' Server Open
[Thu Dec 26 18:46:48 2019] ' Server Open
[Thu Dec 26 19:28:06 2019] ' Server Open
[Thu Dec 26 19:38:40 2019] ' Server Open
[Thu Dec 26 21:14:08 2019] ' Server Open
[Thu Dec 26 23:22:27 2019] ' Server Open
[Thu Dec 26 23:29:00 2019] ' Server Open
[Thu Dec 26 23:45:31 2019] ' Server Open
[Fri Dec 27 01:22:05 2019] ' Server Open
[Fri Dec 27 01:26:01 2019] ' Server Open
[Fri Dec 27 11:59:30 2019] ' Server Open
[Fri Dec 27 12:07:11 2019] ' Server Open
[Fri Dec 27 16:32:15 2019] ' Server Open
[Fri Dec 27 16:37:57 2019] ' Server Open
[Fri Dec 27 16:47:08 2019] ' Server Open
[Fri Dec 27 19:36:59 2019] ' Server Open
[Fri Dec 27 19:39:48 2019] ' Server Open
[Fri Dec 27 21:18:19 2019] ' Server Open
[Fri Dec 27 21:25:32 2019] ' Server Open
[Fri Dec 27 23:38:31 2019] ' Server Open
[Fri Dec 27 23:43:15 2019] ' Server Open
[Fri Dec 27 23:46:04 2019] ' Server Open
[Fri Dec 27 23:48:53 2019] ' Server Open
[Fri Dec 27 23:51:50 2019] ' Server Open
[Fri Dec 27 23:54:23 2019] ' Server Open
[Sat Dec 28 00:01:49 2019] ' Server Open
[Sat Dec 28 00:12:32 2019] ' Server Open
[Sat Dec 28 00:51:04 2019] ' Server Open
[Sat Dec 28 01:15:47 2019] ' Server Open
[Sat Dec 28 01:28:16 2019] ' Server Open
[Sat Dec 28 01:33:09 2019] ' Server Open
[Sat Dec 28 01:34:15 2019] ' Server Open
[Sat Dec 28 01:34:49 2019] ' Server Open
[Sat Dec 28 01:50:01 2019] ' Server Open
[Sat Dec 28 01:51:58 2019] ' Server Open
[Sat Dec 28 01:52:43 2019] ' Server Open
[Sat Dec 28 02:02:47 2019] ' Server Open
[Sat Dec 28 02:13:57 2019] ' Server Open
[Sat Dec 28 02:41:48 2019] ' Server Open
[Sat Dec 28 02:50:58 2019] ' Server Open
[Sat Dec 28 03:27:26 2019] ' Server Open
[Sat Dec 28 12:50:33 2019] ' Server Open
[Sat Dec 28 13:03:09 2019] ' Server Open
[Sat Dec 28 13:35:53 2019] ' Server Open
[Sat Dec 28 13:39:36 2019] ' Server Open
[Sat Dec 28 14:24:05 2019] ' Server Open
[Sat Dec 28 14:32:09 2019] ' Server Open
[Sat Dec 28 14:53:51 2019] ' Server Open
[Sat Dec 28 16:08:09 2019] ' Server Open
[Sat Dec 28 18:39:30 2019] ' Server Open
[Sat Dec 28 18:41:26 2019] ' Server Open
[Sat Dec 28 18:47:25 2019] ' Server Open
[Sat Dec 28 18:51:25 2019] ' Server Open
[Sat Dec 28 20:38:57 2019] ' Server Open
[Tue Dec 31 17:44:40 2019] ' Server Open
[Wed Jan  1 12:47:00 2020] ' Server Open
[Wed Jan  1 13:39:07 2020] ' Server Open
[Wed Jan  1 15:12:06 2020] ' Server Open
[Wed Jan  1 15:22:29 2020] ' Server Open
[Wed Jan  1 19:21:42 2020] ' Server Open
[Wed Jan  1 19:43:29 2020] ' Server Open
[Wed Jan  1 22:34:36 2020] ' Server Open
[Thu Jan  2 20:17:20 2020] ' Server Open
[Thu Jan  2 20:24:48 2020] ' Server Open
[Thu Jan  2 20:48:06 2020] ' Server Open
[Thu Jan  2 21:19:23 2020] ' Server Open
[Thu Jan  2 21:33:44 2020] ' Server Open
[Thu Jan  2 21:35:08 2020] ' Server Open
[Thu Jan  2 21:36:31 2020] ' Server Open
[Thu Jan  2 21:38:57 2020] ' Server Open
[Thu Jan  2 21:51:49 2020] ' Server Open
[Thu Jan  2 21:53:52 2020] ' Server Open
[Fri Jan  3 22:57:07 2020] ' Server Open
[Fri Jan  3 23:03:56 2020] ' Server Open
[Fri Jan  3 23:05:31 2020] ' Server Open
[Fri Jan  3 23:08:37 2020] ' Server Open
[Sun Jan  5 21:26:32 2020] ' Server Open
[Sun Jan  5 21:32:37 2020] ' Server Open
[Sun Jan  5 21:33:30 2020] ' Server Open
[Sun Jan  5 21:34:57 2020] ' Server Open
[Sun Jan  5 21:36:36 2020] ' Server Open
[Sun Jan  5 21:40:45 2020] ' Server Open
[Sun Jan  5 21:42:17 2020] ' Server Open
[Sun Jan  5 21:52:25 2020] ' Server Open
[Sun Jan  5 21:57:40 2020] ' Server Open
[Sun Jan  5 22:24:25 2020] ' Server Open
[Sun Jan  5 22:40:48 2020] ' Server Open
[Sun Jan  5 22:41:53 2020] ' Server Open
[Sun Jan  5 22:54:45 2020] ' Server Open
[Sun Jan  5 23:04:30 2020] ' Server Open
[Sun Jan  5 23:17:42 2020] ' Server Open
[Mon Jan  6 00:40:14 2020] ' Server Open
[Mon Jan  6 00:45:33 2020] ' Server Open
[Mon Jan  6 01:37:10 2020] ' Server Open
[Mon Jan  6 01:41:41 2020] ' Server Open
[Mon Jan  6 02:03:32 2020] ' Server Open
[Mon Jan  6 02:55:23 2020] ' Server Open
[Mon Jan  6 19:01:23 2020] ' Server Open
[Mon Jan  6 22:23:35 2020] ' Server Open
[Mon Jan  6 22:50:52 2020] ' Server Open
[Mon Jan  6 22:52:43 2020] ' Server Open
[Mon Jan  6 23:02:17 2020] ' Server Open
[Mon Jan  6 23:04:23 2020] ' Server Open
[Tue Jan  7 19:22:25 2020] ' Server Open
[Wed Jan  8 20:07:24 2020] ' Server Open
[Thu Jan  9 19:57:20 2020] ' Server Open
[Thu Jan  9 20:16:28 2020] ' Server Open
[Thu Jan  9 23:05:22 2020] ' Server Open
[Sat Jan 11 21:42:39 2020] ' Server Open
[Sat Jan 11 21:44:21 2020] ' Server Open
[Sat Jan 11 21:46:37 2020] ' Server Open
[Sat Jan 11 21:47:09 2020] ' Server Open
[Sat Jan 11 22:12:00 2020] ' Server Open
[Sun Jan 12 22:13:16 2020] ' Server Open
[Mon Jan 13 01:30:25 2020] ' Server Open
[Mon Jan 13 01:32:43 2020] ' Server Open
[Mon Jan 13 01:33:59 2020] ' Server Open
[Mon Jan 13 01:35:15 2020] ' Server Open
[Mon Jan 13 01:36:31 2020] ' Server Open
[Mon Jan 13 01:37:48 2020] ' Server Open
[Mon Jan 13 01:39:03 2020] ' Server Open
[Mon Jan 13 01:40:19 2020] ' Server Open
[Mon Jan 13 01:42:38 2020] ' Server Open
[Mon Jan 13 01:44:54 2020] ' Server Open
[Mon Jan 13 01:46:09 2020] ' Server Open
[Mon Jan 13 01:47:24 2020] ' Server Open
[Mon Jan 13 01:48:40 2020] ' Server Open
[Mon Jan 13 01:49:56 2020] ' Server Open
[Mon Jan 13 01:51:12 2020] ' Server Open
[Mon Jan 13 01:52:28 2020] ' Server Open
[Mon Jan 13 01:53:44 2020] ' Server Open
[Mon Jan 13 01:56:03 2020] ' Server Open
[Mon Jan 13 01:58:20 2020] ' Server Open
[Mon Jan 13 01:59:35 2020] ' Server Open
[Mon Jan 13 02:00:50 2020] ' Server Open
[Mon Jan 13 02:04:07 2020] ' Server Open
[Mon Jan 13 02:05:23 2020] ' Server Open
[Mon Jan 13 02:06:39 2020] ' Server Open
[Mon Jan 13 02:07:55 2020] ' Server Open
[Mon Jan 13 02:09:11 2020] ' Server Open
[Mon Jan 13 02:10:27 2020] ' Server Open
[Mon Jan 13 02:11:44 2020] ' Server Open
[Mon Jan 13 02:14:02 2020] ' Server Open
[Mon Jan 13 02:15:17 2020] ' Server Open
[Mon Jan 13 02:16:32 2020] ' Server Open
[Mon Jan 13 02:17:47 2020] ' Server Open
[Mon Jan 13 02:19:02 2020] ' Server Open
[Mon Jan 13 02:20:18 2020] ' Server Open
[Mon Jan 13 02:22:36 2020] ' Server Open
[Mon Jan 13 02:23:52 2020] ' Server Open
[Mon Jan 13 02:25:08 2020] ' Server Open
[Mon Jan 13 02:26:24 2020] ' Server Open
[Mon Jan 13 02:27:40 2020] ' Server Open
[Mon Jan 13 02:28:56 2020] ' Server Open
[Mon Jan 13 02:32:16 2020] ' Server Open
[Mon Jan 13 02:33:32 2020] ' Server Open
[Mon Jan 13 02:34:47 2020] ' Server Open
[Mon Jan 13 02:36:02 2020] ' Server Open
[Mon Jan 13 02:37:17 2020] ' Server Open
[Mon Jan 13 02:38:33 2020] ' Server Open
[Mon Jan 13 02:39:49 2020] ' Server Open
[Mon Jan 13 02:41:05 2020] ' Server Open
[Mon Jan 13 02:43:23 2020] ' Server Open
[Mon Jan 13 02:45:41 2020] ' Server Open
[Mon Jan 13 02:46:57 2020] ' Server Open
[Mon Jan 13 02:48:13 2020] ' Server Open
[Mon Jan 13 02:49:29 2020] ' Server Open
[Mon Jan 13 02:50:46 2020] ' Server Open
[Mon Jan 13 02:52:02 2020] ' Server Open
[Mon Jan 13 02:53:18 2020] ' Server Open
[Mon Jan 13 02:55:34 2020] ' Server Open
[Mon Jan 13 02:56:49 2020] ' Server Open
[Mon Jan 13 02:58:04 2020] ' Server Open
[Mon Jan 13 02:59:20 2020] ' Server Open
[Mon Jan 13 03:01:38 2020] ' Server Open
[Mon Jan 13 03:02:54 2020] ' Server Open
[Mon Jan 13 03:04:10 2020] ' Server Open
[Mon Jan 13 03:05:26 2020] ' Server Open
[Mon Jan 13 03:06:42 2020] ' Server Open
[Mon Jan 13 03:08:59 2020] ' Server Open
[Mon Jan 13 03:10:14 2020] ' Server Open
[Mon Jan 13 03:11:29 2020] ' Server Open
[Mon Jan 13 03:16:53 2020] ' Server Open
[Mon Jan 13 03:18:09 2020] ' Server Open
[Mon Jan 13 03:21:29 2020] ' Server Open
[Mon Jan 13 03:22:45 2020] ' Server Open
[Mon Jan 13 03:24:02 2020] ' Server Open
[Mon Jan 13 03:25:17 2020] ' Server Open
[Mon Jan 13 03:27:36 2020] ' Server Open
[Mon Jan 13 03:28:50 2020] ' Server Open
[Mon Jan 13 03:30:06 2020] ' Server Open
[Mon Jan 13 03:32:22 2020] ' Server Open
[Mon Jan 13 03:33:38 2020] ' Server Open
[Mon Jan 13 03:36:58 2020] ' Server Open
[Mon Jan 13 03:40:18 2020] ' Server Open
[Mon Jan 13 03:41:34 2020] ' Server Open
[Mon Jan 13 03:42:50 2020] ' Server Open
[Mon Jan 13 03:45:08 2020] ' Server Open
[Mon Jan 13 03:47:27 2020] ' Server Open
[Mon Jan 13 03:49:45 2020] ' Server Open
[Mon Jan 13 03:52:02 2020] ' Server Open
[Mon Jan 13 03:53:16 2020] ' Server Open
[Mon Jan 13 03:55:33 2020] ' Server Open
[Mon Jan 13 03:56:48 2020] ' Server Open
[Mon Jan 13 03:58:04 2020] ' Server Open
[Mon Jan 13 03:59:20 2020] ' Server Open
[Mon Jan 13 04:00:36 2020] ' Server Open
[Mon Jan 13 04:02:54 2020] ' Server Open
[Mon Jan 13 04:04:11 2020] ' Server Open
[Mon Jan 13 04:05:27 2020] ' Server Open
[Mon Jan 13 04:06:42 2020] ' Server Open
[Mon Jan 13 04:07:57 2020] ' Server Open
[Mon Jan 13 04:10:13 2020] ' Server Open
[Mon Jan 13 04:11:28 2020] ' Server Open
[Mon Jan 13 04:13:44 2020] ' Server Open
[Mon Jan 13 04:14:59 2020] ' Server Open
[Mon Jan 13 04:16:15 2020] ' Server Open
[Mon Jan 13 04:17:31 2020] ' Server Open
[Mon Jan 13 04:18:47 2020] ' Server Open
[Mon Jan 13 04:20:03 2020] ' Server Open
[Mon Jan 13 04:21:19 2020] ' Server Open
[Mon Jan 13 04:22:35 2020] ' Server Open
[Mon Jan 13 04:23:52 2020] ' Server Open
[Mon Jan 13 04:27:10 2020] ' Server Open
[Mon Jan 13 04:33:34 2020] ' Server Open
[Mon Jan 13 04:35:52 2020] ' Server Open
[Mon Jan 13 04:37:08 2020] ' Server Open
[Mon Jan 13 04:38:24 2020] ' Server Open
[Mon Jan 13 04:39:40 2020] ' Server Open
[Mon Jan 13 04:40:56 2020] ' Server Open
[Mon Jan 13 04:42:12 2020] ' Server Open
[Mon Jan 13 04:43:28 2020] ' Server Open
[Mon Jan 13 04:44:45 2020] ' Server Open
[Mon Jan 13 04:47:02 2020] ' Server Open
[Mon Jan 13 04:48:17 2020] ' Server Open
[Mon Jan 13 04:49:32 2020] ' Server Open
[Mon Jan 13 04:50:48 2020] ' Server Open
[Mon Jan 13 04:52:04 2020] ' Server Open
[Mon Jan 13 04:53:20 2020] ' Server Open
[Mon Jan 13 04:54:36 2020] ' Server Open
[Mon Jan 13 04:56:54 2020] ' Server Open
[Mon Jan 13 04:58:11 2020] ' Server Open
[Mon Jan 13 05:00:29 2020] ' Server Open
[Mon Jan 13 05:01:44 2020] ' Server Open
[Mon Jan 13 05:05:01 2020] ' Server Open
[Mon Jan 13 05:06:17 2020] ' Server Open
[Mon Jan 13 05:07:33 2020] ' Server Open
[Mon Jan 13 05:08:49 2020] ' Server Open
[Mon Jan 13 05:10:05 2020] ' Server Open
[Mon Jan 13 05:12:23 2020] ' Server Open
[Mon Jan 13 05:14:41 2020] ' Server Open
[Mon Jan 13 05:15:58 2020] ' Server Open
[Mon Jan 13 05:17:13 2020] ' Server Open
[Mon Jan 13 05:18:28 2020] ' Server Open
[Mon Jan 13 05:20:46 2020] ' Server Open
[Mon Jan 13 05:24:06 2020] ' Server Open
[Mon Jan 13 05:26:24 2020] ' Server Open
[Mon Jan 13 05:27:40 2020] ' Server Open
[Mon Jan 13 05:29:59 2020] ' Server Open
[Mon Jan 13 05:31:15 2020] ' Server Open
[Mon Jan 13 05:32:29 2020] ' Server Open
[Mon Jan 13 05:33:45 2020] ' Server Open
[Mon Jan 13 05:35:00 2020] ' Server Open
[Mon Jan 13 05:37:17 2020] ' Server Open
[Mon Jan 13 05:39:35 2020] ' Server Open
[Mon Jan 13 05:41:53 2020] ' Server Open
[Mon Jan 13 05:43:09 2020] ' Server Open
[Mon Jan 13 05:44:25 2020] ' Server Open
[Mon Jan 13 05:45:42 2020] ' Server Open
[Mon Jan 13 05:46:56 2020] ' Server Open
[Mon Jan 13 05:49:13 2020] ' Server Open
[Mon Jan 13 05:49:41 2020] ' Server Open
[Sat Jan 25 20:44:01 2020] ' Server Open
[Sat Jan 25 21:08:44 2020] ' Server Open
[Sat Jan 25 22:07:15 2020] ' Server Open
[Sat Jan 25 23:39:10 2020] ' Server Open
